<?xml version="1.0" encoding="UTF-8"?>
<testsuite xmlns:xsi="http://www.w3.org/2001/XMLSchema-instance" xsi:noNamespaceSchemaLocation="https://maven.apache.org/surefire/maven-surefire-plugin/xsd/surefire-test-report-3.0.xsd" version="3.0" name="student.StudentTest" time="0.074" tests="4" errors="0" skipped="0" failures="0">
  <properties>
[...]
</properties>
  <testcase name="testFailResult" classname="student.StudentTest" time="0.037"/>
  <testcase name="testPassResult" classname="student.StudentTest" time="0.001"/>
  <testcase name="testStudentMarks" classname="student.StudentTest" time="0.002"/>
  <testcase name="testStudentName" classname="student.StudentTest" time="0.001"/>
</testsuite>